<?xml version="1.0" encoding="UTF-8"?>
<!-- Generated by org.testng.reporters.JUnitXMLReporter -->
<testsuite ignored="2" hostname="SHOMNATH-10953" failures="0" tests="1" name="Default test" time="9.039" errors="0" timestamp="2022-09-16T17:34:02 BDT">
  <testcase classname="com.mytests.NotepadTest" name="enterTimeAndDate" time="8.18"/>
  <testcase classname="com.mytests.NotepadTest" name="writeTextTest" time="0.0">
    <ignored/>
  </testcase> <!-- writeTextTest -->
  <testcase classname="com.mytests.NotepadTest" name="checkHelpAboutNowTest" time="0.0">
    <ignored/>
  </testcase> <!-- checkHelpAboutNowTest -->
</testsuite> <!-- Default test -->
