<?xml version="1.0" encoding="UTF-8"?>
<testng-results ignored="2" total="3" passed="1" failed="0" skipped="0">
  <reporter-output>
  </reporter-output>
  <suite started-at="2022-09-16T17:33:53 BDT" name="Default suite" finished-at="2022-09-16T17:34:02 BDT" duration-ms="9039">
    <groups>
    </groups>
    <test started-at="2022-09-16T17:33:53 BDT" name="Default test" finished-at="2022-09-16T17:34:02 BDT" duration-ms="9039">
      <class name="com.mytests.NotepadTest">
        <test-method is-config="true" signature="setUp()[pri:0, instance:com.mytests.NotepadTest@2dde1bff]" started-at="2022-09-16T17:33:53 BDT" name="setUp" finished-at="2022-09-16T17:33:53 BDT" duration-ms="751" status="PASS">
          <reporter-output>
          </reporter-output>
        </test-method> <!-- setUp -->
        <test-method signature="enterTimeAndDate()[pri:3, instance:com.mytests.NotepadTest@2dde1bff]" started-at="2022-09-16T17:33:53 BDT" name="enterTimeAndDate" finished-at="2022-09-16T17:34:02 BDT" duration-ms="8180" status="PASS">
          <reporter-output>
          </reporter-output>
        </test-method> <!-- enterTimeAndDate -->
        <test-method is-config="true" signature="cleanUp()[pri:0, instance:com.mytests.NotepadTest@2dde1bff]" started-at="2022-09-16T17:34:02 BDT" name="cleanUp" finished-at="2022-09-16T17:34:02 BDT" duration-ms="72" status="PASS">
          <reporter-output>
          </reporter-output>
        </test-method> <!-- cleanUp -->
      </class> <!-- com.mytests.NotepadTest -->
    </test> <!-- Default test -->
  </suite> <!-- Default suite -->
</testng-results>
